[2024-04-18 20:55:35,099] 21 root - INFO - Starting data ingestion
[2024-04-18 20:55:35,520] 25 root - INFO - Dataset loaded successfully
[2024-04-18 20:55:38,841] 67 root - INFO - Raw data saved to file
[2024-04-18 20:55:40,619] 74 root - INFO - Train-test split completed
[2024-04-18 20:55:40,628] 36 root - INFO - Data ingestion completed successfully
[2024-04-18 20:55:41,064] 52 root - INFO - Read train and test data completed
[2024-04-18 20:55:41,068] 53 root - INFO - Train Dataframe Head : 
         State        District       Crop  Year  Season    Area Area Units  Production Production Units      Yield
0  West Bengal  DINAJPUR UTTAR       Gram  2007    Rabi   361.0    Hectare       131.0           Tonnes   0.362881
1       Odisha         NUAPADA  Sugarcane  1998  Winter    38.0    Hectare      1920.0           Tonnes  50.526316
2        Assam       KOKRAJHAR     Masoor  2010    Rabi  1165.0    Hectare       564.0           Tonnes   0.484120
3  Maharashtra        BULDHANA      Maize  2002    Rabi   500.0    Hectare       600.0           Tonnes   1.200000
4  Maharashtra           AKOLA    Sesamum  2004  Kharif  2900.0    Hectare       400.0           Tonnes   0.137931
[2024-04-18 20:55:41,071] 54 root - INFO - Test Dataframe Head  : 
           State    District               Crop  Year  Season   Area Area Units  Production Production Units     Yield
0  Uttar Pradesh   ALLAHABAD       Dry chillies  2009  Kharif   72.0    Hectare        64.0           Tonnes  0.888889
1       Nagaland  MOKOKCHUNG  Moong(Green Gram)  2010  Kharif   20.0    Hectare        20.0           Tonnes  1.000000
2          Bihar  KISHANGANJ         Horse-gram  2011  Kharif  565.0    Hectare       538.0           Tonnes  0.952212
3    Maharashtra      NANDED      Other Cereals  1998  Kharif  100.0    Hectare       100.0           Tonnes  1.000000
4  Uttar Pradesh   ALLAHABAD  Moong(Green Gram)  2012  Kharif    6.0    Hectare         3.0           Tonnes  0.500000
[2024-04-18 20:55:41,071] 56 root - INFO - Obtaining preprocessing object
[2024-04-18 20:55:41,071] 25 root - INFO - Data Transformation initiated
[2024-04-18 20:55:41,071] 29 root - INFO - Pipeline Initiated
[2024-04-18 20:55:41,071] 42 root - INFO - Pipeline Completed
[2024-04-18 20:55:43,382] 82 root - INFO - Preprocessor pickle file saved
[2024-04-18 20:55:43,396] 24 root - INFO - Segregating the dependent and independent variables
[2024-04-18 22:03:07,757] 49 root - INFO - Model Report: {'LinearRegression': -9.172641945356784e+16, 'Ridge': 0.6281702859217742, 'Lasso': 0.34893280957579587, 'ElasticNet': 0.15104086977268705, 'DecisionTree': 0.09128422502121081, 'RandomForest': 0.12946640895006056, 'GradientBoosting': 0.8815444020852947}
[2024-04-18 22:03:07,760] 57 root - INFO - The best model is GradientBoosting, with R2 Score: 0.8815444020852947
